<?xml version="1.0" encoding="UTF-8" ?>
<testsuite tests="2" failures="2" name="model.io.FileImportTest" time="0.033" errors="0" skipped="0">
  <properties>
[...]
</properties>
  <testcase classname="model.io.FileImportTest" name="testReadLocalFile" time="0.01">
    <failure message="expected:&lt;10&gt; but was:&lt;11&gt;" type="java.lang.AssertionError">java.lang.AssertionError: expected:&lt;10&gt; but was:&lt;11&gt;
	at org.junit.Assert.fail(Assert.java:88)
	at org.junit.Assert.failNotEquals(Assert.java:834)
	at org.junit.Assert.assertEquals(Assert.java:645)
	at org.junit.Assert.assertEquals(Assert.java:631)
	at model.io.FileImportTest.testReadLocalFile(FileImportTest.java:50)
	at sun.reflect.NativeMethodAccessorImpl.invoke0(Native Method)
	at sun.reflect.NativeMethodAccessorImpl.invoke(NativeMethodAccessorImpl.java:62)
	at sun.reflect.DelegatingMethodAccessorImpl.invoke(DelegatingMethodAccessorImpl.java:43)
	at java.lang.reflect.Method.invoke(Method.java:498)
	at org.junit.runners.model.FrameworkMethod$1.runReflectiveCall(FrameworkMethod.java:50)
	at org.junit.internal.runners.model.ReflectiveCallable.run(ReflectiveCallable.java:12)
	at org.junit.runners.model.FrameworkMethod.invokeExplosively(FrameworkMethod.java:47)
	at org.junit.internal.runners.statements.InvokeMethod.evaluate(InvokeMethod.java:17)
	at org.junit.internal.runners.statements.RunBefores.evaluate(RunBefores.java:26)
	at org.junit.internal.runners.statements.RunAfters.evaluate(RunAfters.java:27)
	at org.junit.runners.ParentRunner.runLeaf(ParentRunner.java:325)
	at org.junit.runners.BlockJUnit4ClassRunner.runChild(BlockJUnit4ClassRunner.java:78)
	at org.junit.runners.BlockJUnit4ClassRunner.runChild(BlockJUnit4ClassRunner.java:57)
	at org.junit.runners.ParentRunner$3.run(ParentRunner.java:290)
	at org.junit.runners.ParentRunner$1.schedule(ParentRunner.java:71)
	at org.junit.runners.ParentRunner.runChildren(ParentRunner.java:288)
	at org.junit.runners.ParentRunner.access$000(ParentRunner.java:58)
	at org.junit.runners.ParentRunner$2.evaluate(ParentRunner.java:268)
	at org.junit.internal.runners.statements.RunBefores.evaluate(RunBefores.java:26)
	at org.junit.internal.runners.statements.RunAfters.evaluate(RunAfters.java:27)
	at org.junit.runners.ParentRunner.run(ParentRunner.java:363)
	at org.apache.maven.surefire.junit4.JUnit4TestSet.execute(JUnit4TestSet.java:53)
	at org.apache.maven.surefire.junit4.JUnit4Provider.executeTestSet(JUnit4Provider.java:123)
	at org.apache.maven.surefire.junit4.JUnit4Provider.invoke(JUnit4Provider.java:104)
	at sun.reflect.NativeMethodAccessorImpl.invoke0(Native Method)
	at sun.reflect.NativeMethodAccessorImpl.invoke(NativeMethodAccessorImpl.java:62)
	at sun.reflect.DelegatingMethodAccessorImpl.invoke(DelegatingMethodAccessorImpl.java:43)
	at java.lang.reflect.Method.invoke(Method.java:498)
	at org.apache.maven.surefire.util.ReflectionUtils.invokeMethodWithArray(ReflectionUtils.java:164)
	at org.apache.maven.surefire.booter.ProviderFactory$ProviderProxy.invoke(ProviderFactory.java:110)
	at org.apache.maven.surefire.booter.SurefireStarter.invokeProvider(SurefireStarter.java:175)
	at org.apache.maven.surefire.booter.SurefireStarter.runSuitesInProcessWhenForked(SurefireStarter.java:107)
	at org.apache.maven.surefire.booter.ForkedBooter.main(ForkedBooter.java:68)
</failure>
    <system-out>readLocalFile
</system-out>
  </testcase>
  <testcase classname="model.io.FileImportTest" name="testReadRoadFile" time="0.009">
    <failure message="expected:&lt;10&gt; but was:&lt;11&gt;" type="java.lang.AssertionError">java.lang.AssertionError: expected:&lt;10&gt; but was:&lt;11&gt;
	at org.junit.Assert.fail(Assert.java:88)
	at org.junit.Assert.failNotEquals(Assert.java:834)
	at org.junit.Assert.assertEquals(Assert.java:645)
	at org.junit.Assert.assertEquals(Assert.java:631)
	at model.io.FileImportTest.testReadRoadFile(FileImportTest.java:62)
	at sun.reflect.NativeMethodAccessorImpl.invoke0(Native Method)
	at sun.reflect.NativeMethodAccessorImpl.invoke(NativeMethodAccessorImpl.java:62)
	at sun.reflect.DelegatingMethodAccessorImpl.invoke(DelegatingMethodAccessorImpl.java:43)
	at java.lang.reflect.Method.invoke(Method.java:498)
	at org.junit.runners.model.FrameworkMethod$1.runReflectiveCall(FrameworkMethod.java:50)
	at org.junit.internal.runners.model.ReflectiveCallable.run(ReflectiveCallable.java:12)
	at org.junit.runners.model.FrameworkMethod.invokeExplosively(FrameworkMethod.java:47)
	at org.junit.internal.runners.statements.InvokeMethod.evaluate(InvokeMethod.java:17)
	at org.junit.internal.runners.statements.RunBefores.evaluate(RunBefores.java:26)
	at org.junit.internal.runners.statements.RunAfters.evaluate(RunAfters.java:27)
	at org.junit.runners.ParentRunner.runLeaf(ParentRunner.java:325)
	at org.junit.runners.BlockJUnit4ClassRunner.runChild(BlockJUnit4ClassRunner.java:78)
	at org.junit.runners.BlockJUnit4ClassRunner.runChild(BlockJUnit4ClassRunner.java:57)
	at org.junit.runners.ParentRunner$3.run(ParentRunner.java:290)
	at org.junit.runners.ParentRunner$1.schedule(ParentRunner.java:71)
	at org.junit.runners.ParentRunner.runChildren(ParentRunner.java:288)
	at org.junit.runners.ParentRunner.access$000(ParentRunner.java:58)
	at org.junit.runners.ParentRunner$2.evaluate(ParentRunner.java:268)
	at org.junit.internal.runners.statements.RunBefores.evaluate(RunBefores.java:26)
	at org.junit.internal.runners.statements.RunAfters.evaluate(RunAfters.java:27)
	at org.junit.runners.ParentRunner.run(ParentRunner.java:363)
	at org.apache.maven.surefire.junit4.JUnit4TestSet.execute(JUnit4TestSet.java:53)
	at org.apache.maven.surefire.junit4.JUnit4Provider.executeTestSet(JUnit4Provider.java:123)
	at org.apache.maven.surefire.junit4.JUnit4Provider.invoke(JUnit4Provider.java:104)
	at sun.reflect.NativeMethodAccessorImpl.invoke0(Native Method)
	at sun.reflect.NativeMethodAccessorImpl.invoke(NativeMethodAccessorImpl.java:62)
	at sun.reflect.DelegatingMethodAccessorImpl.invoke(DelegatingMethodAccessorImpl.java:43)
	at java.lang.reflect.Method.invoke(Method.java:498)
	at org.apache.maven.surefire.util.ReflectionUtils.invokeMethodWithArray(ReflectionUtils.java:164)
	at org.apache.maven.surefire.booter.ProviderFactory$ProviderProxy.invoke(ProviderFactory.java:110)
	at org.apache.maven.surefire.booter.SurefireStarter.invokeProvider(SurefireStarter.java:175)
	at org.apache.maven.surefire.booter.SurefireStarter.runSuitesInProcessWhenForked(SurefireStarter.java:107)
	at org.apache.maven.surefire.booter.ForkedBooter.main(ForkedBooter.java:68)
</failure>
    <system-out>readRoadFile
game
([Local{name=Porto, kingdom=KINGDOM1, ditrictGraph=([], [])}, Local{name=Lisboa, kingdom=KINGDOM1, ditrictGraph=([], [])}, Local{name=Lamego, kingdom=KINGDOM1, ditrictGraph=([], [])}, Local{name=Khaer, kingdom=KINGDOM1, ditrictGraph=([], [])}, Local{name=St Tirso, kingdom=KINGDOM1, ditrictGraph=([], [])}, Local{name=Aliados, kingdom=KINGDOM1, ditrictGraph=([], [])}, Local{name=Aveiro, kingdom=KINGDOM1, ditrictGraph=([], [])}, Local{name=Leiria, kingdom=KINGDOM1, ditrictGraph=([], [])}, Local{name=Algarve, kingdom=KINGDOM1, ditrictGraph=([], [])}, Local{name=Whiterun, kingdom=KINGDOM1, ditrictGraph=([], [])}], [Road{chanceOfEnemy=0.3}={Local{name=Porto, kingdom=KINGDOM1, ditrictGraph=([], [])},Local{name=Lisboa, kingdom=KINGDOM1, ditrictGraph=([], [])}}])
game
([Local{name=Porto, kingdom=KINGDOM1, ditrictGraph=([], [])}, Local{name=Lisboa, kingdom=KINGDOM1, ditrictGraph=([], [])}, Local{name=Lamego, kingdom=KINGDOM1, ditrictGraph=([], [])}, Local{name=Khaer, kingdom=KINGDOM1, ditrictGraph=([], [])}, Local{name=St Tirso, kingdom=KINGDOM1, ditrictGraph=([], [])}, Local{name=Aliados, kingdom=KINGDOM1, ditrictGraph=([], [])}, Local{name=Aveiro, kingdom=KINGDOM1, ditrictGraph=([], [])}, Local{name=Leiria, kingdom=KINGDOM1, ditrictGraph=([], [])}, Local{name=Algarve, kingdom=KINGDOM1, ditrictGraph=([], [])}, Local{name=Whiterun, kingdom=KINGDOM1, ditrictGraph=([], [])}], [Road{chanceOfEnemy=0.4}={Local{name=Lisboa, kingdom=KINGDOM1, ditrictGraph=([], [])},Local{name=Lamego, kingdom=KINGDOM1, ditrictGraph=([], [])}}])
game
([Local{name=Porto, kingdom=KINGDOM1, ditrictGraph=([], [])}, Local{name=Lisboa, kingdom=KINGDOM1, ditrictGraph=([], [])}, Local{name=Lamego, kingdom=KINGDOM1, ditrictGraph=([], [])}, Local{name=Khaer, kingdom=KINGDOM1, ditrictGraph=([], [])}, Local{name=St Tirso, kingdom=KINGDOM1, ditrictGraph=([], [])}, Local{name=Aliados, kingdom=KINGDOM1, ditrictGraph=([], [])}, Local{name=Aveiro, kingdom=KINGDOM1, ditrictGraph=([], [])}, Local{name=Leiria, kingdom=KINGDOM1, ditrictGraph=([], [])}, Local{name=Algarve, kingdom=KINGDOM1, ditrictGraph=([], [])}, Local{name=Whiterun, kingdom=KINGDOM1, ditrictGraph=([], [])}], [Road{chanceOfEnemy=0.8}={Local{name=Khaer, kingdom=KINGDOM1, ditrictGraph=([], [])},Local{name=Lamego, kingdom=KINGDOM1, ditrictGraph=([], [])}}])
game
([Local{name=Porto, kingdom=KINGDOM1, ditrictGraph=([], [])}, Local{name=Lisboa, kingdom=KINGDOM1, ditrictGraph=([], [])}, Local{name=Lamego, kingdom=KINGDOM1, ditrictGraph=([], [])}, Local{name=Khaer, kingdom=KINGDOM1, ditrictGraph=([], [])}, Local{name=St Tirso, kingdom=KINGDOM1, ditrictGraph=([], [])}, Local{name=Aliados, kingdom=KINGDOM1, ditrictGraph=([], [])}, Local{name=Aveiro, kingdom=KINGDOM1, ditrictGraph=([], [])}, Local{name=Leiria, kingdom=KINGDOM1, ditrictGraph=([], [])}, Local{name=Algarve, kingdom=KINGDOM1, ditrictGraph=([], [])}, Local{name=Whiterun, kingdom=KINGDOM1, ditrictGraph=([], [])}], [Road{chanceOfEnemy=0.1}={Local{name=St Tirso, kingdom=KINGDOM1, ditrictGraph=([], [])},Local{name=Khaer, kingdom=KINGDOM1, ditrictGraph=([], [])}}])
game
([Local{name=Porto, kingdom=KINGDOM1, ditrictGraph=([], [])}, Local{name=Lisboa, kingdom=KINGDOM1, ditrictGraph=([], [])}, Local{name=Lamego, kingdom=KINGDOM1, ditrictGraph=([], [])}, Local{name=Khaer, kingdom=KINGDOM1, ditrictGraph=([], [])}, Local{name=St Tirso, kingdom=KINGDOM1, ditrictGraph=([], [])}, Local{name=Aliados, kingdom=KINGDOM1, ditrictGraph=([], [])}, Local{name=Aveiro, kingdom=KINGDOM1, ditrictGraph=([], [])}, Local{name=Leiria, kingdom=KINGDOM1, ditrictGraph=([], [])}, Local{name=Algarve, kingdom=KINGDOM1, ditrictGraph=([], [])}, Local{name=Whiterun, kingdom=KINGDOM1, ditrictGraph=([], [])}], [Road{chanceOfEnemy=0.0}={Local{name=Aliados, kingdom=KINGDOM1, ditrictGraph=([], [])},Local{name=Aveiro, kingdom=KINGDOM1, ditrictGraph=([], [])}}])
game
([Local{name=Porto, kingdom=KINGDOM1, ditrictGraph=([], [])}, Local{name=Lisboa, kingdom=KINGDOM1, ditrictGraph=([], [])}, Local{name=Lamego, kingdom=KINGDOM1, ditrictGraph=([], [])}, Local{name=Khaer, kingdom=KINGDOM1, ditrictGraph=([], [])}, Local{name=St Tirso, kingdom=KINGDOM1, ditrictGraph=([], [])}, Local{name=Aliados, kingdom=KINGDOM1, ditrictGraph=([], [])}, Local{name=Aveiro, kingdom=KINGDOM1, ditrictGraph=([], [])}, Local{name=Leiria, kingdom=KINGDOM1, ditrictGraph=([], [])}, Local{name=Algarve, kingdom=KINGDOM1, ditrictGraph=([], [])}, Local{name=Whiterun, kingdom=KINGDOM1, ditrictGraph=([], [])}], [Road{chanceOfEnemy=0.3}={Local{name=Leiria, kingdom=KINGDOM1, ditrictGraph=([], [])},Local{name=Algarve, kingdom=KINGDOM1, ditrictGraph=([], [])}}])
game
game
game
([Local{name=Porto, kingdom=KINGDOM1, ditrictGraph=([], [])}, Local{name=Lisboa, kingdom=KINGDOM1, ditrictGraph=([], [])}, Local{name=Lamego, kingdom=KINGDOM1, ditrictGraph=([], [])}, Local{name=Khaer, kingdom=KINGDOM1, ditrictGraph=([], [])}, Local{name=St Tirso, kingdom=KINGDOM1, ditrictGraph=([], [])}, Local{name=Aliados, kingdom=KINGDOM1, ditrictGraph=([], [])}, Local{name=Aveiro, kingdom=KINGDOM1, ditrictGraph=([], [])}, Local{name=Leiria, kingdom=KINGDOM1, ditrictGraph=([], [])}, Local{name=Algarve, kingdom=KINGDOM1, ditrictGraph=([], [])}, Local{name=Whiterun, kingdom=KINGDOM1, ditrictGraph=([], [])}], [Road{chanceOfEnemy=0.7}={Local{name=Lamego, kingdom=KINGDOM1, ditrictGraph=([], [])},Local{name=Algarve, kingdom=KINGDOM1, ditrictGraph=([], [])}}])
game
([Local{name=Porto, kingdom=KINGDOM1, ditrictGraph=([], [])}, Local{name=Lisboa, kingdom=KINGDOM1, ditrictGraph=([], [])}, Local{name=Lamego, kingdom=KINGDOM1, ditrictGraph=([], [])}, Local{name=Khaer, kingdom=KINGDOM1, ditrictGraph=([], [])}, Local{name=St Tirso, kingdom=KINGDOM1, ditrictGraph=([], [])}, Local{name=Aliados, kingdom=KINGDOM1, ditrictGraph=([], [])}, Local{name=Aveiro, kingdom=KINGDOM1, ditrictGraph=([], [])}, Local{name=Leiria, kingdom=KINGDOM1, ditrictGraph=([], [])}, Local{name=Algarve, kingdom=KINGDOM1, ditrictGraph=([], [])}, Local{name=Whiterun, kingdom=KINGDOM1, ditrictGraph=([], [])}], [Road{chanceOfEnemy=0.5}={Local{name=Khaer, kingdom=KINGDOM1, ditrictGraph=([], [])},Local{name=Lamego, kingdom=KINGDOM1, ditrictGraph=([], [])}}])
([Local{name=Porto, kingdom=KINGDOM1, ditrictGraph=([], [])}, Local{name=Lisboa, kingdom=KINGDOM1, ditrictGraph=([], [])}, Local{name=Lamego, kingdom=KINGDOM1, ditrictGraph=([], [])}, Local{name=Khaer, kingdom=KINGDOM1, ditrictGraph=([], [])}, Local{name=St Tirso, kingdom=KINGDOM1, ditrictGraph=([], [])}, Local{name=Aliados, kingdom=KINGDOM1, ditrictGraph=([], [])}, Local{name=Aveiro, kingdom=KINGDOM1, ditrictGraph=([], [])}, Local{name=Leiria, kingdom=KINGDOM1, ditrictGraph=([], [])}, Local{name=Algarve, kingdom=KINGDOM1, ditrictGraph=([], [])}, Local{name=Whiterun, kingdom=KINGDOM1, ditrictGraph=([], [])}], [Road{chanceOfEnemy=0.5}={Local{name=Khaer, kingdom=KINGDOM1, ditrictGraph=([], [])},Local{name=Lamego, kingdom=KINGDOM1, ditrictGraph=([], [])}}])
</system-out>
  </testcase>
</testsuite>