GROUP,PACKAGE,CLASS,INSTRUCTION_MISSED,INSTRUCTION_COVERED,BRANCH_MISSED,BRANCH_COVERED,LINE_MISSED,LINE_COVERED,COMPLEXITY_MISSED,COMPLEXITY_COVERED,METHOD_MISSED,METHOD_COVERED
Last Dawn,model.item.armour,Jewelry,14,0,0,0,2,0,1,0,1,0
Last Dawn,model.item.armour,Legs,14,0,0,0,2,0,1,0,1,0
Last Dawn,model.item.armour,Chest,14,0,0,0,2,0,1,0,1,0
Last Dawn,model.item.armour,Head,0,14,0,0,0,2,0,1,0,1
Last Dawn,model.map,Kingdom,0,39,0,0,0,4,0,2,0,2
Last Dawn,model.map,District,31,0,2,0,9,0,5,0,4,0
Last Dawn,model.map,Road,14,60,4,4,7,13,6,4,2,4
Last Dawn,model.map,GameMap,6,49,5,7,3,12,7,5,2,4
Last Dawn,model.map,Local,23,102,7,7,10,21,8,6,2,5
Last Dawn,controller,NewGameController,65,0,8,0,17,0,9,0,5,0
Last Dawn,controller,InventoryController,11,0,0,0,4,0,2,0,2,0
Last Dawn,controller,FastTravelController,47,0,4,0,13,0,5,0,3,0
Last Dawn,controller,SaveLoadController,14,0,0,0,4,0,3,0,3,0
Last Dawn,view.options,Sound,63,0,2,0,22,0,4,0,3,0
Last Dawn,view.options,VolumeControl,63,0,6,0,13,0,6,0,3,0
Last Dawn,view.utils,LimitLinesDocumentListener,109,0,6,0,38,0,13,0,10,0
Last Dawn,view.utils,LimitLinesDocumentListener.new Runnable() {...},15,0,0,0,3,0,2,0,2,0
Last Dawn,view.utils,Console,81,0,2,0,23,0,8,0,7,0
Last Dawn,view.utils,ResourceUtil,12,0,0,0,3,0,2,0,2,0
Last Dawn,view.utils,Console.ConsoleOutputStream,172,0,22,0,46,0,16,0,5,0
Last Dawn,view.utils,ImagePanel,53,0,0,0,15,0,4,0,4,0
Last Dawn,model.repo,Inventory,147,274,21,21,28,58,19,16,4,10
Last Dawn,model.npc,EnemyNPC,18,0,0,0,4,0,2,0,2,0
Last Dawn,model.npc,ShopNPC,10,0,0,0,2,0,1,0,1,0
Last Dawn,model.npc,NPC,33,15,0,0,3,4,3,1,3,1
Last Dawn,model.npc,GeneralNPC,0,10,0,0,0,2,0,1,0,1
Last Dawn,model.character,ResourceManager,53,0,6,0,14,0,8,0,5,0
Last Dawn,model.character,Character,122,190,24,20,26,46,21,15,3,11
Last Dawn,model.character,Stats,0,27,0,0,0,10,0,5,0,5
Last Dawn,model.enums,Abilities.new Abilities() {...},8,0,0,0,2,0,2,0,2,0
Last Dawn,model.enums,Abilities.new Abilities() {...},8,0,0,0,2,0,2,0,2,0
Last Dawn,model.enums,Abilities.new Abilities() {...},8,0,0,0,2,0,2,0,2,0
Last Dawn,model.enums,Abilities,39,0,0,0,4,0,2,0,2,0
Last Dawn,model.enums,StatTypes.new StatTypes() {...},0,8,0,0,0,2,0,2,0,2
Last Dawn,model.enums,StatTypes.new StatTypes() {...},0,8,0,0,0,2,0,2,0,2
Last Dawn,model.enums,StatTypes.new StatTypes() {...},0,8,0,0,0,2,0,2,0,2
Last Dawn,model.enums,StatTypes.new StatTypes() {...},0,8,0,0,0,2,0,2,0,2
Last Dawn,model.enums,StatTypes.new StatTypes() {...},0,8,0,0,0,2,0,2,0,2
Last Dawn,model.enums,ClassTypes,57,0,0,0,7,0,3,0,3,0
Last Dawn,model.enums,ClassTypes.new ClassTypes() {...},8,0,0,0,2,0,2,0,2,0
Last Dawn,model.enums,ClassTypes.new ClassTypes() {...},8,0,0,0,2,0,2,0,2,0
Last Dawn,model.enums,ClassTypes.new ClassTypes() {...},8,0,0,0,2,0,2,0,2,0
Last Dawn,model.enums,ClassTypes.new ClassTypes() {...},8,0,0,0,2,0,2,0,2,0
Last Dawn,model.enums,StatTypes,0,59,0,0,0,6,0,2,0,2
Last Dawn,view,MainFrame.new WindowAdapter() {...},18,0,2,0,4,0,3,0,2,0
Last Dawn,view,Run,40,0,2,0,11,0,4,0,3,0
Last Dawn,view,MainMenuUI,259,0,0,0,64,0,9,0,9,0
Last Dawn,view,GameUI.new ActionListener() {...},13,0,0,0,3,0,2,0,2,0
Last Dawn,view,MainFrame,66,0,0,0,21,0,2,0,2,0
Last Dawn,view,optionsBackground,26,0,0,0,8,0,2,0,2,0
Last Dawn,view,OptionsUI.new ActionListener() {...},11,0,0,0,2,0,2,0,2,0
Last Dawn,view,OptionsUI.new ActionListener() {...},11,0,0,0,2,0,2,0,2,0
Last Dawn,view,OptionsUI,345,0,0,0,82,0,7,0,7,0
Last Dawn,view,OptionsUI.new ActionListener() {...},10,0,0,0,3,0,2,0,2,0
Last Dawn,view,OptionsUI.new ActionListener() {...},12,0,0,0,3,0,2,0,2,0
Last Dawn,view,OptionsUI.new ActionListener() {...},12,0,0,0,3,0,2,0,2,0
Last Dawn,view,MainMenuUI.new ActionListener() {...},17,0,0,0,3,0,2,0,2,0
Last Dawn,view,MainMenuUI.new ActionListener() {...},22,0,2,0,5,0,3,0,2,0
Last Dawn,view,MainMenuUI.new ActionListener() {...},16,0,0,0,3,0,2,0,2,0
Last Dawn,view,MainMenuUI.new ActionListener() {...},7,0,0,0,2,0,2,0,2,0
Last Dawn,view,GameUI,617,0,4,0,136,0,12,0,10,0
Last Dawn,model.quest,QuestMisc,3,0,0,0,1,0,1,0,1,0
Last Dawn,model.quest,Quest,3,0,0,0,1,0,1,0,1,0
Last Dawn,model.io,FileImport,19,118,0,10,9,27,1,7,1,2
Last Dawn,model.game,GameSlot,40,0,6,0,15,0,7,0,4,0
Last Dawn,model.game,Dice,27,0,0,0,6,0,3,0,3,0
Last Dawn,model.game,FileManager,80,0,8,0,26,0,10,0,6,0
Last Dawn,model.game,BattleHandler,335,0,46,0,95,0,31,0,8,0
Last Dawn,model.game,Options,3,0,0,0,1,0,1,0,1,0
Last Dawn,model.game,Game,20,0,0,0,6,0,5,0,5,0
Last Dawn,model.item,Item,0,30,0,0,0,11,0,4,0,4
Last Dawn,model.item,Throwable,9,0,0,0,2,0,1,0,1,0
Last Dawn,model.item,Weapon,0,27,0,0,0,6,0,3,0,3
Last Dawn,model.item,Misc,0,9,0,0,0,2,0,1,0,1
Last Dawn,model.item,Armour,6,21,0,0,2,4,2,1,2,1
Last Dawn,model.item,Potion,9,0,0,0,2,0,1,0,1,0
Last Dawn,utils,NumberUtils,16,0,0,0,4,0,2,0,2,0
Last Dawn,model.player,Paladin,59,0,4,0,10,0,6,0,4,0
Last Dawn,model.player,Knight,118,0,4,0,20,0,6,0,4,0
Last Dawn,model.player,PlayerChar,100,0,6,0,18,0,10,0,7,0
Last Dawn,model.player,Ranger,86,0,4,0,14,0,6,0,4,0
Last Dawn,model.player,Scientist,59,0,4,0,10,0,6,0,4,0
